MPASM 5.71  /HOME/GARTHMADDEN/PIC_CODE/ADC_L   1-26-2017  21:49:22         PAGE  1


LOC  OBJECT CODE     LINE SOURCE TEXT
  VALUE

                      00001 #INCLUDE    <p12lf1822.inc>
                      00001         LIST
                      00002 
                      00003 ;==========================================================================
                      00004 ; Build date : Nov 17 2016
                      00005 ;  MPASM PIC12LF1822 processor include
                      00006 ; 
                      00007 ;  (c) Copyright 1999-2016 Microchip Technology, All rights reserved
                      00008 ;==========================================================================
                      00009 
                      01040         LIST
                      00002 
                      00003  ERRORLEVEL  -305
                      00004  ERRORLEVEL  -302
                      00005  
                      00006 
  0000                00007         GLOBAL  TEST
  0000                00008         GLOBAL  DELAY
  0000                00009         GLOBAL  LCD_WRITE
  0000                00010         LOCAL   COUNT1
  0000                00011         LOCAL   COUNT2
  0000                00012         EXTERN  ONE
  0000                00013         EXTERN  TWO
  0000                00014         EXTERN  THREE
                      00015         
                      00016         UDATA
                      00017 
0000                  00018 COUNT1  RES 1
0001                  00019 COUNT2  RES 1
                      00020 
                      00021         CODE
                      00022         
                      00023         
0000                  00024 TEST
                      00025     
0000   0023           00026     BANKSEL TXSTA
0001   1C9E           00027     BTFSS   TXSTA, TRMT     ; Poll If Bit SET
0002   2???           00028     GOTO    TEST
                      00029     
0003   0020           00030     BANKSEL PIR1
0004   1E11           00031     BTFSS   PIR1, TXIF
0005   2???           00032     GOTO    TEST
                      00033     
0006   3400           00034     RETLW   0
                      00035     
0007                  00036 DELAY 
                      00037     
0007   30FF           00038         MOVLW   D'255'
0008   00??           00039         MOVWF   COUNT1
                      00040 
0009   3005           00041         MOVLW   D'5'
000A   00??           00042         MOVWF   COUNT2
                      00043 
MPASM 5.71  /HOME/GARTHMADDEN/PIC_CODE/ADC_L   1-26-2017  21:49:22         PAGE  2


LOC  OBJECT CODE     LINE SOURCE TEXT
  VALUE

000B                  00044 LOOP
000B   002?           00045         BANKSEL COUNT1
000C   0B??           00046         DECFSZ  COUNT1
000D   2???           00047         GOTO    LOOP
000E   0B??           00048         DECFSZ  COUNT2
000F   2???           00049         GOTO    LOOP
                      00050 
0010   3400           00051         RETLW   0
                      00052 
                      00053 
0011                  00054 LCD_WRITE
                      00055         ; Volts=_
                      00056 
                      00057         
0011   0023           00058         BANKSEL TXREG
0012   3016           00059         MOVLW   D'22'       ; CURSOR OFF NO CHARACTER BLINK
0013   009A           00060         MOVWF   TXREG
                      00061         
0014   2???           00062         CALL    TEST
0015   2???           00063         CALL    DELAY
                      00064         
0016   0023           00065         BANKSEL TXREG
0017   3056           00066         MOVLW   D'86'       ; V
0018   009A           00067         MOVWF   TXREG
                      00068         
0019   2???           00069         CALL    TEST
001A   2???           00070         CALL    DELAY
                      00071         
001B   0023           00072         BANKSEL TXREG
001C   306F           00073         MOVLW   D'111'       ; o
001D   009A           00074         MOVWF   TXREG
                      00075         
001E   2???           00076         CALL    TEST
001F   2???           00077         CALL    DELAY
                      00078         
0020   0023           00079         BANKSEL TXREG
0021   306C           00080         MOVLW   D'108'       ; l
0022   009A           00081         MOVWF   TXREG
                      00082         
0023   2???           00083         CALL    TEST
0024   2???           00084         CALL    DELAY
                      00085         
0025   0023           00086         BANKSEL TXREG
0026   3074           00087         MOVLW   D'116'       ; t
0027   009A           00088         MOVWF   TXREG
                      00089         
0028   2???           00090         CALL    TEST
0029   2???           00091         CALL    DELAY
                      00092         
002A   0023           00093         BANKSEL TXREG
002B   3073           00094         MOVLW   D'115'       ; s
002C   009A           00095         MOVWF   TXREG
                      00096         
MPASM 5.71  /HOME/GARTHMADDEN/PIC_CODE/ADC_L   1-26-2017  21:49:22         PAGE  3


LOC  OBJECT CODE     LINE SOURCE TEXT
  VALUE

002D   2???           00097         CALL    TEST
002E   2???           00098         CALL    DELAY
                      00099         
002F   0023           00100         BANKSEL TXREG
0030   303D           00101         MOVLW   D'61'       ; =
0031   009A           00102         MOVWF   TXREG
                      00103         
0032   2???           00104         CALL    TEST
0033   2???           00105         CALL    DELAY
                      00106         
0034   0023           00107         BANKSEL TXREG
0035   3020           00108         MOVLW   D'32'       ; space
0036   009A           00109         MOVWF   TXREG
                      00110         
0037   2???           00111         CALL    TEST
0038   2???           00112         CALL    DELAY
                      00113         
0039   3400           00114         RETLW   0
                      00115 
                      00116         ;134 LINE 0 POSITION 6
                      00117         ;154 LINE 1 POSITION 6
                      00118         END
MPASM 5.71  /HOME/GARTHMADDEN/PIC_CODE/ADC_L   1-26-2017  21:49:22         PAGE  4


SYMBOL TABLE
  LABEL                             VALUE 

ABDEN                             00000000
ABDOVF                            00000007
ACKDT                             00000005
ACKEN                             00000004
ACKSTAT                           00000006
ACKTIM                            00000007
ADCON0                            0000009D
ADCON1                            0000009E
ADCS0                             00000004
ADCS1                             00000005
ADCS2                             00000006
ADDEN                             00000003
ADFM                              00000007
ADFVR0                            00000000
ADFVR1                            00000001
ADGO                              00000001
ADIE                              00000006
ADIF                              00000006
ADON                              00000000
ADPREF0                           00000000
ADPREF1                           00000001
ADRES                             0000009B
ADRESH                            0000009C
ADRESL                            0000009B
AHEN                              00000001
AN0                               00000000
AN1                               00000001
AN2                               00000002
AN3                               00000004
ANSA0                             00000000
ANSA1                             00000001
ANSA2                             00000002
ANSA4                             00000004
ANSELA                            0000018C
APFCON                            0000011D
APFCON0                           0000011D
BAUDCON                           0000019F
BCL1IE                            00000003
BCL1IF                            00000003
BF                                00000000
BOEN                              00000004
BORCON                            00000116
BORRDY                            00000000
BRG16                             00000003
BRGH                              00000002
BSR                               00000008
BSR0                              00000000
BSR1                              00000001
BSR2                              00000002
BSR3                              00000003
BSR4                              00000004
BSR_SHAD                          00000FE6
C                                 00000000
MPASM 5.71  /HOME/GARTHMADDEN/PIC_CODE/ADC_L   1-26-2017  21:49:22         PAGE  5


SYMBOL TABLE
  LABEL                             VALUE 

C1HYS                             00000001
C1IE                              00000005
C1IF                              00000005
C1IN0N                            00000001
C1IN1N                            00000004
C1INP                             00000000
C1INTN                            00000006
C1INTP                            00000007
C1NCH0                            00000000
C1OE                              00000005
C1ON                              00000007
C1OUT_CM1CON0                     00000006
C1OUT_PORTA                       00000002
C1PCH0                            00000004
C1PCH1                            00000005
C1POL                             00000004
C1SP                              00000002
C1SYNC                            00000000
CCP1AS                            00000295
CCP1AS0                           00000004
CCP1AS1                           00000005
CCP1AS2                           00000006
CCP1ASE                           00000007
CCP1CON                           00000293
CCP1IE                            00000002
CCP1IF                            00000002
CCP1M0                            00000000
CCP1M1                            00000001
CCP1M2                            00000002
CCP1M3                            00000003
CCP1SEL                           00000000
CCPR1                             00000291
CCPR1H                            00000292
CCPR1L                            00000291
CDAFVR0                           00000002
CDAFVR1                           00000003
CFGS                              00000006
CHS0                              00000002
CHS1                              00000003
CHS2                              00000004
CHS3                              00000005
CHS4                              00000006
CKE                               00000006
CKP                               00000004
CLKIN                             00000005
CLKOUT                            00000004
CLKR                              00000004
CLKRCON                           0000039A
CLKRDC0                           00000003
CLKRDC1                           00000004
CLKRDIV0                          00000000
CLKRDIV1                          00000001
CLKRDIV2                          00000002
MPASM 5.71  /HOME/GARTHMADDEN/PIC_CODE/ADC_L   1-26-2017  21:49:22         PAGE  6


SYMBOL TABLE
  LABEL                             VALUE 

CLKREN                            00000007
CLKROE                            00000006
CLKRSLR                           00000005
CM1CON0                           00000111
CM1CON1                           00000112
CMOUT                             00000115
CPS0                              00000000
CPS1                              00000001
CPS2                              00000002
CPS3                              00000004
CPSCH0                            00000000
CPSCH1                            00000001
CPSCON0                           0000001E
CPSCON1                           0000001F
CPSON                             00000007
CPSOUT                            00000001
CPSRM                             00000006
CPSRNG0                           00000002
CPSRNG1                           00000003
CREN                              00000004
CSRC                              00000007
C_SHAD                            00000000
DACCON0                           00000118
DACCON1                           00000119
DACEN                             00000007
DACLPS                            00000006
DACOE                             00000005
DACOUT                            00000000
DACPSS0                           00000002
DACPSS1                           00000003
DACR0                             00000000
DACR1                             00000001
DACR2                             00000002
DACR3                             00000003
DACR4                             00000004
DC                                00000001
DC1B0                             00000004
DC1B1                             00000005
DC_SHAD                           00000001
DELAY                             00000007
DHEN                              00000000
D_NOT_A                           00000005
ECCP1AS                           00000295
EEADR                             00000191
EEADRH                            00000192
EEADRL                            00000191
EECON1                            00000195
EECON2                            00000196
EEDAT                             00000193
EEDATH                            00000194
EEDATL                            00000193
EEIE                              00000004
EEIF                              00000004
MPASM 5.71  /HOME/GARTHMADDEN/PIC_CODE/ADC_L   1-26-2017  21:49:22         PAGE  7


SYMBOL TABLE
  LABEL                             VALUE 

EEPGD                             00000007
F                                 00000001
FERR                              00000002
FLT0                              00000002
FREE                              00000004
FSR0                              00000004
FSR0H                             00000005
FSR0H_SHAD                        00000FE9
FSR0L                             00000004
FSR0L_SHAD                        00000FE8
FSR1                              00000006
FSR1H                             00000007
FSR1H_SHAD                        00000FEB
FSR1L                             00000006
FSR1L_SHAD                        00000FEA
FVRCON                            00000117
FVREN                             00000007
FVRRDY                            00000006
GCEN                              00000007
GIE                               00000007
GO                                00000001
GO_NOT_DONE                       00000001
HFIOFL                            00000003
HFIOFR                            00000004
HFIOFS                            00000000
INDF0                             00000000
INDF1                             00000001
INTCON                            0000000B
INTE                              00000004
INTEDG                            00000006
INTF                              00000001
IOCAF                             00000393
IOCAF0                            00000000
IOCAF1                            00000001
IOCAF2                            00000002
IOCAF3                            00000003
IOCAF4                            00000004
IOCAF5                            00000005
IOCAN                             00000392
IOCAN0                            00000000
IOCAN1                            00000001
IOCAN2                            00000002
IOCAN3                            00000003
IOCAN4                            00000004
IOCAN5                            00000005
IOCAP                             00000391
IOCAP0                            00000000
IOCAP1                            00000001
IOCAP2                            00000002
IOCAP3                            00000003
IOCAP4                            00000004
IOCAP5                            00000005
IOCIE                             00000003
MPASM 5.71  /HOME/GARTHMADDEN/PIC_CODE/ADC_L   1-26-2017  21:49:22         PAGE  8


SYMBOL TABLE
  LABEL                             VALUE 

IOCIF                             00000000
IRCF0                             00000003
IRCF1                             00000004
IRCF2                             00000005
IRCF3                             00000006
LATA                              0000010C
LATA0                             00000000
LATA1                             00000001
LATA2                             00000002
LATA4                             00000004
LATA5                             00000005
LCD_WRITE                         00000011
LFIOFR                            00000001
LOOP                              0000000B
LWLO                              00000005
MC1OUT                            00000000
MDBIT                             00000000
MDCARH                            0000039F
MDCARL                            0000039E
MDCH0                             00000000
MDCH1                             00000001
MDCH2                             00000002
MDCH3                             00000003
MDCHODIS                          00000007
MDCHPOL                           00000006
MDCHSYNC                          00000005
MDCIN1                            00000002
MDCIN2                            00000004
MDCL0                             00000000
MDCL1                             00000001
MDCL2                             00000002
MDCL3                             00000003
MDCLODIS                          00000007
MDCLPOL                           00000006
MDCLSYNC                          00000005
MDCON                             0000039C
MDEN                              00000007
MDMIN                             00000001
MDMS0                             00000000
MDMS1                             00000001
MDMS2                             00000002
MDMS3                             00000003
MDMSODIS                          00000007
MDOE                              00000006
MDOPOL                            00000004
MDOUT_MDCON                       00000003
MDOUT_PORTA                       00000000
MDSLR                             00000005
MDSRC                             0000039D
MFIOFR                            00000002
NOT_BOR                           00000000
NOT_DONE                          00000001
NOT_MCLR                          00000003
MPASM 5.71  /HOME/GARTHMADDEN/PIC_CODE/ADC_L   1-26-2017  21:49:22         PAGE  9


SYMBOL TABLE
  LABEL                             VALUE 

NOT_PD                            00000003
NOT_POR                           00000001
NOT_RI                            00000002
NOT_RMCLR                         00000003
NOT_T1SYNC                        00000002
NOT_TO                            00000004
NOT_WPUEN                         00000007
OERR                              00000001
ONE                               00000000
OPTION_REG                        00000095
OSC1                              00000005
OSC2                              00000004
OSCCON                            00000099
OSCSTAT                           0000009A
OSCTUNE                           00000098
OSFIE                             00000007
OSFIF                             00000007
OSTS                              00000005
P                                 00000004
P1BSEL                            00000001
P1DC0                             00000000
P1DC1                             00000001
P1DC2                             00000002
P1DC3                             00000003
P1DC4                             00000004
P1DC5                             00000005
P1DC6                             00000006
P1M0                              00000006
P1M1                              00000007
P1RSEN                            00000007
PCIE                              00000006
PCL                               00000002
PCLATH                            0000000A
PCLATH_SHAD                       00000FE7
PCON                              00000096
PEIE                              00000006
PEN                               00000002
PIE1                              00000091
PIE2                              00000092
PIR1                              00000011
PIR2                              00000012
PLLR                              00000006
PORTA                             0000000C
PR2                               0000001B
PS0                               00000000
PS1                               00000001
PS2                               00000002
PSA                               00000003
PSS1AC0                           00000002
PSS1AC1                           00000003
PSS1BD0                           00000000
PSS1BD1                           00000001
PSTR1CON                          00000296
MPASM 5.71  /HOME/GARTHMADDEN/PIC_CODE/ADC_L   1-26-2017  21:49:22         PAGE 10


SYMBOL TABLE
  LABEL                             VALUE 

PWM1CON                           00000294
RA0                               00000000
RA1                               00000001
RA2                               00000002
RA3                               00000003
RA4                               00000004
RA5                               00000005
RCEN                              00000003
RCIDL                             00000006
RCIE                              00000005
RCIF                              00000005
RCREG                             00000199
RCSTA                             0000019D
RD                                00000000
RSEN                              00000001
RX9                               00000006
RX9D                              00000000
RXDTSEL                           00000007
R_NOT_W                           00000002
S                                 00000003
SBCDE                             00000002
SBOREN                            00000007
SCIE                              00000005
SCK                               00000001
SCKP                              00000004
SCL                               00000001
SCS0                              00000000
SCS1                              00000001
SDA                               00000002
SDAHT                             00000003
SDI                               00000002
SDO1SEL                           00000006
SDOSEL                            00000006
SEN                               00000000
SENDB                             00000003
SMP                               00000007
SP1BRG                            0000019B
SP1BRGH                           0000019C
SP1BRGL                           0000019B
SPBRG                             0000019B
SPBRGH                            0000019C
SPBRGL                            0000019B
SPEN                              00000007
SPLLEN                            00000007
SRCLK0                            00000004
SRCLK1                            00000005
SRCLK2                            00000006
SRCON0                            0000011A
SRCON1                            0000011B
SREN                              00000005
SRI                               00000001
SRLEN                             00000007
SRNQ                              00000005
MPASM 5.71  /HOME/GARTHMADDEN/PIC_CODE/ADC_L   1-26-2017  21:49:22         PAGE 11


SYMBOL TABLE
  LABEL                             VALUE 

SRNQEN                            00000002
SRPR                              00000000
SRPS                              00000001
SRQ                               00000002
SRQEN                             00000003
SRRC1E                            00000000
SRRCKE                            00000002
SRRPE                             00000003
SRSC1E                            00000004
SRSCKE                            00000006
SRSPE                             00000007
SS1SEL                            00000005
SSP1ADD                           00000212
SSP1BUF                           00000211
SSP1CON1                          00000215
SSP1CON2                          00000216
SSP1CON3                          00000217
SSP1IE                            00000003
SSP1IF                            00000003
SSP1MSK                           00000213
SSP1STAT                          00000214
SSPADD                            00000212
SSPBUF                            00000211
SSPCON                            00000215
SSPCON1                           00000215
SSPCON2                           00000216
SSPCON3                           00000217
SSPEN                             00000005
SSPM0                             00000000
SSPM1                             00000001
SSPM2                             00000002
SSPM3                             00000003
SSPMSK                            00000213
SSPOV                             00000006
SSPSTAT                           00000214
SSSEL                             00000005
STATUS                            00000003
STATUS_SHAD                       00000FE4
STKOVF                            00000007
STKPTR                            00000FED
STKUNF                            00000006
STR1A                             00000000
STR1B                             00000001
STR1C                             00000002
STR1D                             00000003
STR1SYNC                          00000004
SWDTEN                            00000000
SYNC                              00000004
T0CKI                             00000002
T0CS                              00000005
T0IE                              00000005
T0IF                              00000002
T0SE                              00000004
MPASM 5.71  /HOME/GARTHMADDEN/PIC_CODE/ADC_L   1-26-2017  21:49:22         PAGE 12


SYMBOL TABLE
  LABEL                             VALUE 

T0XCS                             00000000
T1CKI                             00000005
T1CKPS0                           00000004
T1CKPS1                           00000005
T1CON                             00000018
T1GCON                            00000019
T1GGO                             00000003
T1GGO_NOT_DONE                    00000003
T1GPOL                            00000006
T1GSEL                            00000003
T1GSPM                            00000004
T1GSS0                            00000000
T1GSS1                            00000001
T1GTM                             00000005
T1GVAL                            00000002
T1OSCEN                           00000003
T1OSCR                            00000007
T1OSI                             00000005
T1OSO                             00000004
T2CKPS0                           00000000
T2CKPS1                           00000001
T2CON                             0000001C
T2OUTPS0                          00000003
T2OUTPS1                          00000004
T2OUTPS2                          00000005
T2OUTPS3                          00000006
TEST                              00000000
THREE                             00000000
TMR0                              00000015
TMR0CS                            00000005
TMR0IE                            00000005
TMR0IF                            00000002
TMR0SE                            00000004
TMR1                              00000016
TMR1CS0                           00000006
TMR1CS1                           00000007
TMR1GE                            00000007
TMR1GIE                           00000007
TMR1GIF                           00000007
TMR1H                             00000017
TMR1IE                            00000000
TMR1IF                            00000000
TMR1L                             00000016
TMR1ON                            00000000
TMR2                              0000001A
TMR2IE                            00000001
TMR2IF                            00000001
TMR2ON                            00000002
TOSH                              00000FEF
TOSL                              00000FEE
TRISA                             0000008C
TRISA0                            00000000
TRISA1                            00000001
MPASM 5.71  /HOME/GARTHMADDEN/PIC_CODE/ADC_L   1-26-2017  21:49:22         PAGE 13


SYMBOL TABLE
  LABEL                             VALUE 

TRISA2                            00000002
TRISA3                            00000003
TRISA4                            00000004
TRISA5                            00000005
TRMT                              00000001
TSEN                              00000005
TSRNG                             00000004
TUN0                              00000000
TUN1                              00000001
TUN2                              00000002
TUN3                              00000003
TUN4                              00000004
TUN5                              00000005
TWO                               00000000
TX9                               00000006
TX9D                              00000000
TXCKSEL                           00000002
TXEN                              00000005
TXIE                              00000004
TXIF                              00000004
TXREG                             0000019A
TXSTA                             0000019E
UA                                00000001
W                                 00000000
WCOL                              00000007
WDTCON                            00000097
WDTPS0                            00000001
WDTPS1                            00000002
WDTPS2                            00000003
WDTPS3                            00000004
WDTPS4                            00000005
WPUA                              0000020C
WPUA0                             00000000
WPUA1                             00000001
WPUA2                             00000002
WPUA3                             00000003
WPUA4                             00000004
WPUA5                             00000005
WR                                00000001
WREG                              00000009
WREG_SHAD                         00000FE5
WREN                              00000002
WRERR                             00000003
WUE                               00000001
Z                                 00000002
Z_SHAD                            00000002
_BOREN_NSLEEP                     00003DFF
_BOREN_OFF                        000039FF
_BOREN_ON                         00003FFF
_BOREN_SBODEN                     00003BFF
_BORV_19                          00003FFF
_BORV_HI                          00003BFF
_BORV_LO                          00003FFF
MPASM 5.71  /HOME/GARTHMADDEN/PIC_CODE/ADC_L   1-26-2017  21:49:22         PAGE 14


SYMBOL TABLE
  LABEL                             VALUE 

_CLKOUTEN_OFF                     00003FFF
_CLKOUTEN_ON                      000037FF
_CONFIG1                          00008007
_CONFIG2                          00008008
_CPD_OFF                          00003FFF
_CPD_ON                           00003EFF
_CP_OFF                           00003FFF
_CP_ON                            00003F7F
_DEVID1                           00008006
_FCMEN_OFF                        00001FFF
_FCMEN_ON                         00003FFF
_FOSC_ECH                         00003FFF
_FOSC_ECL                         00003FFD
_FOSC_ECM                         00003FFE
_FOSC_EXTRC                       00003FFB
_FOSC_HS                          00003FFA
_FOSC_INTOSC                      00003FFC
_FOSC_LP                          00003FF8
_FOSC_XT                          00003FF9
_IDLOC0                           00008000
_IDLOC1                           00008001
_IDLOC2                           00008002
_IDLOC3                           00008003
_IESO_OFF                         00002FFF
_IESO_ON                          00003FFF
_LVP_OFF                          00001FFF
_LVP_ON                           00003FFF
_MCLRE_OFF                        00003FBF
_MCLRE_ON                         00003FFF
_PLLEN_OFF                        00003EFF
_PLLEN_ON                         00003FFF
_PWRTE_OFF                        00003FFF
_PWRTE_ON                         00003FDF
_STVREN_OFF                       00003DFF
_STVREN_ON                        00003FFF
_WDTE_NSLEEP                      00003FF7
_WDTE_OFF                         00003FE7
_WDTE_ON                          00003FFF
_WDTE_SWDTEN                      00003FEF
_WRT_ALL                          00003FFC
_WRT_BOOT                         00003FFE
_WRT_HALF                         00003FFD
_WRT_OFF                          00003FFF
__12LF1822                        00000001
__DEBUG                           
__MPLAB_DEBUGGER_SIMULATOR        1

Errors   :     0
Warnings :     0 reported,     0 suppressed
Messages :     0 reported,    11 suppressed

